{"total": {"lines":{"total":95,"covered":95,"skipped":0,"pct":100},"statements":{"total":95,"covered":95,"skipped":0,"pct":100},"functions":{"total":27,"covered":27,"skipped":0,"pct":100},"branches":{"total":16,"covered":16,"skipped":0,"pct":100}}
,"C:\\Users\\smgal\\OneDrive\\Documents\\GitHub\\lapidoty-sqe-workshop-2018-exercise-1\\src\\js\\code-analyzer.js": {"lines":{"total":95,"covered":95,"skipped":0,"pct":100},"functions":{"total":27,"covered":27,"skipped":0,"pct":100},"statements":{"total":95,"covered":95,"skipped":0,"pct":100},"branches":{"total":16,"covered":16,"skipped":0,"pct":100}}
}
